  moc_BuildPyramidsWidget.cpp
  moc_DemoRibbonWindow.cpp
  moc_ImgAttribute.cpp
  moc_ImgCut.cpp
  moc_ImgLashenWidget.cpp
  moc_ImgLvboWidget.cpp
  moc_ImgMapTool.cpp
  moc_ImgZengqiangWidget.cpp
  moc_ImgZhifangtu.cpp
  moc_JinjingLocWidget.cpp
  moc_QtGis.cpp
  moc_UAVLocWidget.cpp
  moc_qgsfeatureaction.cpp
  moc_qgsmaptooladdfeature.cpp
  moc_qgsstatusbarcoordinateswidget.cpp
  moc_qgsstatusbarmagnifierwidget.cpp
I:\hetao\niuma\QtLearnCollab\3rdPart\QGISDev\include\qgsfield.h(1,1): warning C4819: 该文件包含不能在当前代码页(936)中表示的字符。请将该文件保存为 Unicode 格式以防止数据丢失 (编译源文件 x64\Debug\moc\moc_qgsfeatureaction.cpp)
I:\hetao\niuma\QtLearnCollab\3rdPart\QGISDev\include\qgsvectorlayer.h(1,1): warning C4819: 该文件包含不能在当前代码页(936)中表示的字符。请将该文件保存为 Unicode 格式以防止数据丢失 (编译源文件 x64\Debug\moc\moc_qgsmaptooladdfeature.cpp)
  moc_qgsstatusbarscalewidget.cpp
  moc_rgbDetectWidget.cpp
I:\hetao\niuma\QtLearnCollab\3rdPart\QGISDev\include\qgsfield.h(1,1): warning C4819: 该文件包含不能在当前代码页(936)中表示的字符。请将该文件保存为 Unicode 格式以防止数据丢失 (编译源文件 x64\Debug\moc\moc_qgsmaptooladdfeature.cpp)
I:\hetao\niuma\QtLearnCollab\3rdPart\QGISDev\include\qgsfield.h(1,1): warning C4819: 该文件包含不能在当前代码页(936)中表示的字符。请将该文件保存为 Unicode 格式以防止数据丢失 (编译源文件 x64\Debug\moc\moc_ImgCut.cpp)
  moc_rgbirDetectWidget.cpp
  moc_rgbsarBianshiWidget.cpp
I:\hetao\niuma\QtLearnCollab\3rdPart\QGISDev\include\qgsfield.h(1,1): warning C4819: 该文件包含不能在当前代码页(936)中表示的字符。请将该文件保存为 Unicode 格式以防止数据丢失 (编译源文件 x64\Debug\moc\moc_BuildPyramidsWidget.cpp)
I:\hetao\niuma\QtLearnCollab\3rdPart\QGISDev\include\qgsfield.h(1,1): warning C4819: 该文件包含不能在当前代码页(936)中表示的字符。请将该文件保存为 Unicode 格式以防止数据丢失 (编译源文件 x64\Debug\moc\moc_ImgZengqiangWidget.cpp)
  moc_rgbsarDetectWidget.cpp
I:\hetao\niuma\QtLearnCollab\3rdPart\QGISDev\include\qgsfield.h(1,1): warning C4819: 该文件包含不能在当前代码页(936)中表示的字符。请将该文件保存为 Unicode 格式以防止数据丢失 (编译源文件 x64\Debug\moc\moc_ImgLashenWidget.cpp)
  moc_rgbsarirDetectWidget.cpp
I:\hetao\niuma\QtLearnCollab\3rdPart\QGISDev\include\qgsfield.h(1,1): warning C4819: 该文件包含不能在当前代码页(936)中表示的字符。请将该文件保存为 Unicode 格式以防止数据丢失 (编译源文件 x64\Debug\moc\moc_ImgZhifangtu.cpp)
  moc_sarDetectWidget.cpp
I:\hetao\niuma\QtLearnCollab\3rdPart\QGISDev\include\qgsfield.h(1,1): warning C4819: 该文件包含不能在当前代码页(936)中表示的字符。请将该文件保存为 Unicode 格式以防止数据丢失 (编译源文件 x64\Debug\moc\moc_ImgLvboWidget.cpp)
I:\hetao\niuma\QtLearnCollab\3rdPart\QGISDev\include\qgsfield.h(1,1): warning C4819: 该文件包含不能在当前代码页(936)中表示的字符。请将该文件保存为 Unicode 格式以防止数据丢失 (编译源文件 x64\Debug\moc\moc_QtGis.cpp)
I:\hetao\niuma\QtLearnCollab\3rdPart\QGISDev\include\qgsgeometryrubberband.h(1,1): warning C4819: 该文件包含不能在当前代码页(936)中表示的字符。请将该文件保存为 Unicode 格式以防止数据丢失 (编译源文件 x64\Debug\moc\moc_qgsmaptooladdfeature.cpp)
ImgMapTool.obj : error LNK2001: 无法解析的外部符号 "public: virtual bool __cdecl QgsMapTool::canvasToolTipEvent(class QHelpEvent *)" (?canvasToolTipEvent@QgsMapTool@@UEAA_NPEAVQHelpEvent@@@Z)
qgsmaptooladdfeature.obj : error LNK2001: 无法解析的外部符号 "public: virtual bool __cdecl QgsMapTool::canvasToolTipEvent(class QHelpEvent *)" (?canvasToolTipEvent@QgsMapTool@@UEAA_NPEAVQHelpEvent@@@Z)
QtGis.obj : error LNK2001: 无法解析的外部符号 "public: virtual bool __cdecl QgsMapTool::canvasToolTipEvent(class QHelpEvent *)" (?canvasToolTipEvent@QgsMapTool@@UEAA_NPEAVQHelpEvent@@@Z)
ImgMapTool.obj : error LNK2001: 无法解析的外部符号 "public: virtual void __cdecl QgsMapTool::populateContextMenu(class QMenu *)" (?populateContextMenu@QgsMapTool@@UEAAXPEAVQMenu@@@Z)
qgsmaptooladdfeature.obj : error LNK2001: 无法解析的外部符号 "public: virtual void __cdecl QgsMapTool::populateContextMenu(class QMenu *)" (?populateContextMenu@QgsMapTool@@UEAAXPEAVQMenu@@@Z)
QtGis.obj : error LNK2001: 无法解析的外部符号 "public: virtual void __cdecl QgsMapTool::populateContextMenu(class QMenu *)" (?populateContextMenu@QgsMapTool@@UEAAXPEAVQMenu@@@Z)
ImgMapTool.obj : error LNK2001: 无法解析的外部符号 "public: virtual bool __cdecl QgsMapTool::populateContextMenuWithEvent(class QMenu *,class QgsMapMouseEvent *)" (?populateContextMenuWithEvent@QgsMapTool@@UEAA_NPEAVQMenu@@PEAVQgsMapMouseEvent@@@Z)
qgsmaptooladdfeature.obj : error LNK2001: 无法解析的外部符号 "public: virtual bool __cdecl QgsMapTool::populateContextMenuWithEvent(class QMenu *,class QgsMapMouseEvent *)" (?populateContextMenuWithEvent@QgsMapTool@@UEAA_NPEAVQMenu@@PEAVQgsMapMouseEvent@@@Z)
QtGis.obj : error LNK2001: 无法解析的外部符号 "public: virtual bool __cdecl QgsMapTool::populateContextMenuWithEvent(class QMenu *,class QgsMapMouseEvent *)" (?populateContextMenuWithEvent@QgsMapTool@@UEAA_NPEAVQMenu@@PEAVQgsMapMouseEvent@@@Z)
QLayerCommand.obj : error LNK2001: 无法解析的外部符号 "public: virtual bool __cdecl QgsRasterLayer::accept(class QgsStyleEntityVisitorInterface *)const " (?accept@QgsRasterLayer@@UEBA_NPEAVQgsStyleEntityVisitorInterface@@@Z)
QLayerCommand.obj : error LNK2001: 无法解析的外部符号 "public: virtual bool __cdecl QgsVectorLayer::accept(class QgsStyleEntityVisitorInterface *)const " (?accept@QgsVectorLayer@@UEBA_NPEAVQgsStyleEntityVisitorInterface@@@Z)
qgsstatusbarcoordinateswidget.obj : error LNK2001: 无法解析的外部符号 "public: virtual bool __cdecl QgsVectorLayer::accept(class QgsStyleEntityVisitorInterface *)const " (?accept@QgsVectorLayer@@UEBA_NPEAVQgsStyleEntityVisitorInterface@@@Z)
QLayerCommand.obj : error LNK2001: 无法解析的外部符号 "public: virtual class QgsMapLayerElevationProperties * __cdecl QgsMapLayer::elevationProperties(void)" (?elevationProperties@QgsMapLayer@@UEAAPEAVQgsMapLayerElevationProperties@@XZ)
qgsstatusbarcoordinateswidget.obj : error LNK2001: 无法解析的外部符号 "public: virtual class QgsMapLayerElevationProperties * __cdecl QgsMapLayer::elevationProperties(void)" (?elevationProperties@QgsMapLayer@@UEAAPEAVQgsMapLayerElevationProperties@@XZ)
QLayerCommand.obj : error LNK2001: 无法解析的外部符号 "public: virtual __int64 __cdecl QgsVectorLayer::featureCount(void)const " (?featureCount@QgsVectorLayer@@UEBA_JXZ)
qgsstatusbarcoordinateswidget.obj : error LNK2001: 无法解析的外部符号 "public: virtual __int64 __cdecl QgsVectorLayer::featureCount(void)const " (?featureCount@QgsVectorLayer@@UEBA_JXZ)
QLayerCommand.obj : error LNK2001: 无法解析的外部符号 "public: virtual enum QgsFeatureSource::SpatialIndexPresence __cdecl QgsVectorLayer::hasSpatialIndex(void)const " (?hasSpatialIndex@QgsVectorLayer@@UEBA?AW4SpatialIndexPresence@QgsFeatureSource@@XZ)
qgsstatusbarcoordinateswidget.obj : error LNK2001: 无法解析的外部符号 "public: virtual enum QgsFeatureSource::SpatialIndexPresence __cdecl QgsVectorLayer::hasSpatialIndex(void)const " (?hasSpatialIndex@QgsVectorLayer@@UEBA?AW4SpatialIndexPresence@QgsFeatureSource@@XZ)
QLayerCommand.obj : error LNK2001: 无法解析的外部符号 "public: virtual bool __cdecl QgsMapLayer::isModified(void)const " (?isModified@QgsMapLayer@@UEBA_NXZ)
QLayerCommand.obj : error LNK2001: 无法解析的外部符号 "public: virtual bool __cdecl QgsMapLayer::isTemporary(void)const " (?isTemporary@QgsMapLayer@@UEBA_NXZ)
qgsstatusbarcoordinateswidget.obj : error LNK2001: 无法解析的外部符号 "public: virtual bool __cdecl QgsMapLayer::isTemporary(void)const " (?isTemporary@QgsMapLayer@@UEBA_NXZ)
QLayerCommand.obj : error LNK2001: 无法解析的外部符号 "public: virtual class QString __cdecl QgsFeatureSink::lastError(void)const " (?lastError@QgsFeatureSink@@UEBA?AVQString@@XZ)
qgsstatusbarcoordinateswidget.obj : error LNK2001: 无法解析的外部符号 "public: virtual class QString __cdecl QgsFeatureSink::lastError(void)const " (?lastError@QgsFeatureSink@@UEBA?AVQString@@XZ)
QLayerCommand.obj : error LNK2001: 无法解析的外部符号 "public: virtual class QString __cdecl QgsMapLayer::loadDefaultMetadata(bool &)" (?loadDefaultMetadata@QgsMapLayer@@UEAA?AVQString@@AEA_N@Z)
qgsstatusbarcoordinateswidget.obj : error LNK2001: 无法解析的外部符号 "public: virtual class QString __cdecl QgsMapLayer::loadDefaultMetadata(bool &)" (?loadDefaultMetadata@QgsMapLayer@@UEAA?AVQString@@AEA_N@Z)
QLayerCommand.obj : error LNK2001: 无法解析的外部符号 "public: virtual double __cdecl QgsMapLayer::opacity(void)const " (?opacity@QgsMapLayer@@UEBANXZ)
qgsstatusbarcoordinateswidget.obj : error LNK2001: 无法解析的外部符号 "public: virtual double __cdecl QgsMapLayer::opacity(void)const " (?opacity@QgsMapLayer@@UEBANXZ)
QLayerCommand.obj : error LNK2001: 无法解析的外部符号 "public: virtual double __cdecl QgsRasterLayer::opacity(void)const " (?opacity@QgsRasterLayer@@UEBANXZ)
QLayerCommand.obj : error LNK2001: 无法解析的外部符号 "public: virtual class QFlags<enum Qgis::MapLayerProperty> __cdecl QgsMapLayer::properties(void)const " (?properties@QgsMapLayer@@UEBA?AV?$QFlags@W4MapLayerProperty@Qgis@@@@XZ)
qgsstatusbarcoordinateswidget.obj : error LNK2001: 无法解析的外部符号 "public: virtual class QFlags<enum Qgis::MapLayerProperty> __cdecl QgsMapLayer::properties(void)const " (?properties@QgsMapLayer@@UEBA?AV?$QFlags@W4MapLayerProperty@Qgis@@@@XZ)
QLayerCommand.obj : error LNK2001: 无法解析的外部符号 "private: virtual void __cdecl QgsRasterLayer::setDataSourcePrivate(class QString const &,class QString const &,class QString const &,struct QgsDataProvider::ProviderOptions const &,class QFlags<enum QgsDataProvider::ReadFlag>)" (?setDataSourcePrivate@QgsRasterLayer@@EEAAXAEBVQString@@00AEBUProviderOptions@QgsDataProvider@@V?$QFlags@W4ReadFlag@QgsDataProvider@@@@@Z)
QLayerCommand.obj : error LNK2001: 无法解析的外部符号 "private: virtual void __cdecl QgsVectorLayer::setDataSourcePrivate(class QString const &,class QString const &,class QString const &,struct QgsDataProvider::ProviderOptions const &,class QFlags<enum QgsDataProvider::ReadFlag>)" (?setDataSourcePrivate@QgsVectorLayer@@EEAAXAEBVQString@@00AEBUProviderOptions@QgsDataProvider@@V?$QFlags@W4ReadFlag@QgsDataProvider@@@@@Z)
qgsstatusbarcoordinateswidget.obj : error LNK2001: 无法解析的外部符号 "private: virtual void __cdecl QgsVectorLayer::setDataSourcePrivate(class QString const &,class QString const &,class QString const &,struct QgsDataProvider::ProviderOptions const &,class QFlags<enum QgsDataProvider::ReadFlag>)" (?setDataSourcePrivate@QgsVectorLayer@@EEAAXAEBVQString@@00AEBUProviderOptions@QgsDataProvider@@V?$QFlags@W4ReadFlag@QgsDataProvider@@@@@Z)
QLayerCommand.obj : error LNK2001: 无法解析的外部符号 "public: virtual void __cdecl QgsMapLayer::setOpacity(double)" (?setOpacity@QgsMapLayer@@UEAAXN@Z)
qgsstatusbarcoordinateswidget.obj : error LNK2001: 无法解析的外部符号 "public: virtual void __cdecl QgsMapLayer::setOpacity(double)" (?setOpacity@QgsMapLayer@@UEAAXN@Z)
QLayerCommand.obj : error LNK2001: 无法解析的外部符号 "public: virtual void __cdecl QgsRasterLayer::setOpacity(double)" (?setOpacity@QgsRasterLayer@@UEAAXN@Z)
QLayerCommand.obj : error LNK2001: 无法解析的外部符号 "public: virtual bool __cdecl QgsRasterLayer::setSubsetString(class QString const &)" (?setSubsetString@QgsRasterLayer@@UEAA_NAEBVQString@@@Z)
QLayerCommand.obj : error LNK2001: 无法解析的外部符号 "public: virtual void __cdecl QgsRasterLayer::setTransformContext(class QgsCoordinateTransformContext const &)" (?setTransformContext@QgsRasterLayer@@UEAAXAEBVQgsCoordinateTransformContext@@@Z)
QLayerCommand.obj : error LNK2001: 无法解析的外部符号 "public: virtual void __cdecl QgsVectorLayer::setTransformContext(class QgsCoordinateTransformContext const &)" (?setTransformContext@QgsVectorLayer@@UEAAXAEBVQgsCoordinateTransformContext@@@Z)
qgsstatusbarcoordinateswidget.obj : error LNK2001: 无法解析的外部符号 "public: virtual void __cdecl QgsVectorLayer::setTransformContext(class QgsCoordinateTransformContext const &)" (?setTransformContext@QgsVectorLayer@@UEAAXAEBVQgsCoordinateTransformContext@@@Z)
QLayerCommand.obj : error LNK2001: 无法解析的外部符号 "public: virtual class QString __cdecl QgsRasterLayer::subsetString(void)const " (?subsetString@QgsRasterLayer@@UEBA?AVQString@@XZ)
QLayerCommand.obj : error LNK2001: 无法解析的外部符号 "public: virtual bool __cdecl QgsMapLayer::supportsEditing(void)const " (?supportsEditing@QgsMapLayer@@UEBA_NXZ)
QLayerCommand.obj : error LNK2001: 无法解析的外部符号 "public: virtual bool __cdecl QgsVectorLayer::supportsEditing(void)const " (?supportsEditing@QgsVectorLayer@@UEBA_NXZ)
qgsstatusbarcoordinateswidget.obj : error LNK2001: 无法解析的外部符号 "public: virtual bool __cdecl QgsVectorLayer::supportsEditing(void)const " (?supportsEditing@QgsVectorLayer@@UEBA_NXZ)
QLayerCommand.obj : error LNK2001: 无法解析的外部符号 "public: virtual class QgsMapLayerTemporalProperties * __cdecl QgsRasterLayer::temporalProperties(void)" (?temporalProperties@QgsRasterLayer@@UEAAPEAVQgsMapLayerTemporalProperties@@XZ)
QLayerCommand.obj : error LNK2001: 无法解析的外部符号 "public: virtual class QgsMapLayerTemporalProperties * __cdecl QgsVectorLayer::temporalProperties(void)" (?temporalProperties@QgsVectorLayer@@UEAAPEAVQgsMapLayerTemporalProperties@@XZ)
qgsstatusbarcoordinateswidget.obj : error LNK2001: 无法解析的外部符号 "public: virtual class QgsMapLayerTemporalProperties * __cdecl QgsVectorLayer::temporalProperties(void)" (?temporalProperties@QgsVectorLayer@@UEAAPEAVQgsMapLayerTemporalProperties@@XZ)
QtGisLayerTreeViewMenuProvider.obj : error LNK2019: 无法解析的外部符号 "__declspec(dllimport) public: class QgsLayerTreeNode * __cdecl QgsLayerTreeView::index2node(class QModelIndex const &)const " (__imp_?index2node@QgsLayerTreeView@@QEBAPEAVQgsLayerTreeNode@@AEBVQModelIndex@@@Z)，函数 "public: virtual class QMenu * __cdecl QtGisLayerTreeViewMenuProvider::createContextMenu(void)" (?createContextMenu@QtGisLayerTreeViewMenuProvider@@UEAAPEAVQMenu@@XZ) 中引用了该符号
qgsfeatureaction.obj : error LNK2019: 无法解析的外部符号 "__declspec(dllimport) public: virtual __cdecl QgsGeometry::~QgsGeometry(void)" (__imp_??1QgsGeometry@@UEAA@XZ)，函数 "public: bool __cdecl QgsFeatureAction::addFeature(class QMap<int,class QVariant> const &,bool,class QgsExpressionContextScope *)" (?addFeature@QgsFeatureAction@@QEAA_NAEBV?$QMap@HVQVariant@@@@_NPEAVQgsExpressionContextScope@@@Z) 中引用了该符号
qgsmaptooladdfeature.obj : error LNK2001: 无法解析的外部符号 "__declspec(dllimport) public: virtual __cdecl QgsGeometry::~QgsGeometry(void)" (__imp_??1QgsGeometry@@UEAA@XZ)
qgsfeatureaction.obj : error LNK2019: 无法解析的外部符号 "__declspec(dllimport) public: bool __cdecl QgsEditFormConfig::reuseLastValue(int)const " (__imp_?reuseLastValue@QgsEditFormConfig@@QEBA_NH@Z)，函数 "public: bool __cdecl QgsFeatureAction::addFeature(class QMap<int,class QVariant> const &,bool,class QgsExpressionContextScope *)" (?addFeature@QgsFeatureAction@@QEAA_NAEBV?$QMap@HVQVariant@@@@_NPEAVQgsExpressionContextScope@@@Z) 中引用了该符号
qgsfeatureaction.obj : error LNK2019: 无法解析的外部符号 "__declspec(dllimport) public: void __cdecl QgsAttributeDialog::setExtraContextScope(class QgsExpressionContextScope *)" (__imp_?setExtraContextScope@QgsAttributeDialog@@QEAAXPEAVQgsExpressionContextScope@@@Z)，函数 "public: bool __cdecl QgsFeatureAction::addFeature(class QMap<int,class QVariant> const &,bool,class QgsExpressionContextScope *)" (?addFeature@QgsFeatureAction@@QEAA_NAEBV?$QMap@HVQVariant@@@@_NPEAVQgsExpressionContextScope@@@Z) 中引用了该符号
qgsfeatureaction.obj : error LNK2019: 无法解析的外部符号 "__declspec(dllimport) public: bool __cdecl QgsSettingsEntryBool::value(class QString const &,bool,bool)const " (__imp_?value@QgsSettingsEntryBool@@QEBA_NAEBVQString@@_N1@Z)，函数 "public: bool __cdecl QgsFeatureAction::addFeature(class QMap<int,class QVariant> const &,bool,class QgsExpressionContextScope *)" (?addFeature@QgsFeatureAction@@QEAA_NAEBV?$QMap@HVQVariant@@@@_NPEAVQgsExpressionContextScope@@@Z) 中引用了该符号
    已定义且可能匹配的符号上的提示:
      "__declspec(dllimport) public: class QVariant __cdecl QSettings::value(class QString const &,class QVariant const &)const " (__imp_?value@QSettings@@QEBA?AVQVariant@@AEBVQString@@AEBV2@@Z)
      "__declspec(dllimport) public: class QVariant __cdecl QgsSettings::value(class QString const &,class QVariant const &,enum QgsSettings::Section)const " (__imp_?value@QgsSettings@@QEBA?AVQVariant@@AEBVQString@@AEBV2@W4Section@1@@Z)
qgsfeatureaction.obj : error LNK2019: 无法解析的外部符号 "__declspec(dllimport) public: static class QgsSettingsEntryBool const QgsSettingsRegistryCore::settingsDigitizingReuseLastValues" (__imp_?settingsDigitizingReuseLastValues@QgsSettingsRegistryCore@@2VQgsSettingsEntryBool@@B)，函数 "public: bool __cdecl QgsFeatureAction::addFeature(class QMap<int,class QVariant> const &,bool,class QgsExpressionContextScope *)" (?addFeature@QgsFeatureAction@@QEAA_NAEBV?$QMap@HVQVariant@@@@_NPEAVQgsExpressionContextScope@@@Z) 中引用了该符号
qgsfeatureaction.obj : error LNK2019: 无法解析的外部符号 "__declspec(dllimport) public: static class QgsSettingsEntryBool const QgsSettingsRegistryCore::settingsDigitizingDisableEnterAttributeValuesDialog" (__imp_?settingsDigitizingDisableEnterAttributeValuesDialog@QgsSettingsRegistryCore@@2VQgsSettingsEntryBool@@B)，函数 "public: bool __cdecl QgsFeatureAction::addFeature(class QMap<int,class QVariant> const &,bool,class QgsExpressionContextScope *)" (?addFeature@QgsFeatureAction@@QEAA_NAEBV?$QMap@HVQVariant@@@@_NPEAVQgsExpressionContextScope@@@Z) 中引用了该符号
qgsmaptooladdfeature.obj : error LNK2019: 无法解析的外部符号 "__declspec(dllimport) public: int __cdecl QgsVectorLayer::addTopologicalPoints(class QgsPoint const &)" (__imp_?addTopologicalPoints@QgsVectorLayer@@QEAAHAEBVQgsPoint@@@Z)，函数 "private: virtual void __cdecl QgsMapToolAddFeature::digitized(class QgsFeature const &)" (?digitized@QgsMapToolAddFeature@@EEAAXAEBVQgsFeature@@@Z) 中引用了该符号
    已定义且可能匹配的符号上的提示:
      "__declspec(dllimport) public: int __cdecl QgsVectorLayer::addTopologicalPoints(class QgsGeometry const &)" (__imp_?addTopologicalPoints@QgsVectorLayer@@QEAAHAEBVQgsGeometry@@@Z)
qgsmaptooladdfeature.obj : error LNK2019: 无法解析的外部符号 "__declspec(dllimport) public: __cdecl QgsMapToolDigitizeFeature::QgsMapToolDigitizeFeature(class QgsMapCanvas *,class QgsAdvancedDigitizingDockWidget *,enum QgsMapToolCapture::CaptureMode)" (__imp_??0QgsMapToolDigitizeFeature@@QEAA@PEAVQgsMapCanvas@@PEAVQgsAdvancedDigitizingDockWidget@@W4CaptureMode@QgsMapToolCapture@@@Z)，函数 "public: __cdecl QgsMapToolAddFeature::QgsMapToolAddFeature(class QgsMapCanvas *,enum QgsMapToolCapture::CaptureMode)" (??0QgsMapToolAddFeature@@QEAA@PEAVQgsMapCanvas@@W4CaptureMode@QgsMapToolCapture@@@Z) 中引用了该符号
qgsmaptooladdfeature.obj : error LNK2019: 无法解析的外部符号 "__declspec(dllimport) public: void __cdecl QgsMapToolDigitizeFeature::setLayer(class QgsMapLayer *)" (__imp_?setLayer@QgsMapToolDigitizeFeature@@QEAAXPEAVQgsMapLayer@@@Z)，函数 "public: __cdecl QgsMapToolAddFeature::QgsMapToolAddFeature(class QgsMapCanvas *,enum QgsMapToolCapture::CaptureMode)" (??0QgsMapToolAddFeature@@QEAA@PEAVQgsMapCanvas@@W4CaptureMode@QgsMapToolCapture@@@Z) 中引用了该符号
qgsmaptooladdfeature.obj : error LNK2019: 无法解析的外部符号 "__declspec(dllimport) public: enum QgsProject::AvoidIntersectionsMode __cdecl QgsProject::avoidIntersectionsMode(void)const " (__imp_?avoidIntersectionsMode@QgsProject@@QEBA?AW4AvoidIntersectionsMode@1@XZ)，函数 "private: virtual void __cdecl QgsMapToolAddFeature::digitized(class QgsFeature const &)" (?digitized@QgsMapToolAddFeature@@EEAAXAEBVQgsFeature@@@Z) 中引用了该符号
qgsmaptooladdfeature.obj : error LNK2001: 无法解析的外部符号 "public: virtual class QFlags<enum QgsMapToolCapture::Capability> __cdecl QgsMapToolDigitizeFeature::capabilities(void)const " (?capabilities@QgsMapToolDigitizeFeature@@UEBA?AV?$QFlags@W4Capability@QgsMapToolCapture@@@@XZ)
qgsmaptooladdfeature.obj : error LNK2001: 无法解析的外部符号 "public: virtual class QgsMapLayer * __cdecl QgsMapToolAdvancedDigitizing::layer(void)const " (?layer@QgsMapToolAdvancedDigitizing@@UEBAPEAVQgsMapLayer@@XZ)
qgsmaptooladdfeature.obj : error LNK2001: 无法解析的外部符号 "public: virtual bool __cdecl QgsMapToolDigitizeFeature::supportsTechnique(enum QgsMapToolCapture::CaptureTechnique)const " (?supportsTechnique@QgsMapToolDigitizeFeature@@UEBA_NW4CaptureTechnique@QgsMapToolCapture@@@Z)
qgsstatusbarcoordinateswidget.obj : error LNK2019: 无法解析的外部符号 "__declspec(dllimport) public: static class QIcon __cdecl QgsApplication::getThemeIcon(class QString const &,class QColor const &,class QColor const &)" (__imp_?getThemeIcon@QgsApplication@@SA?AVQIcon@@AEBVQString@@AEBVQColor@@1@Z)，函数 "public: __cdecl QgsStatusBarCoordinatesWidget::QgsStatusBarCoordinatesWidget(class QWidget *)" (??0QgsStatusBarCoordinatesWidget@@QEAA@PEAVQWidget@@@Z) 中引用了该符号
qgsstatusbarmagnifierwidget.obj : error LNK2001: 无法解析的外部符号 "__declspec(dllimport) public: static class QIcon __cdecl QgsApplication::getThemeIcon(class QString const &,class QColor const &,class QColor const &)" (__imp_?getThemeIcon@QgsApplication@@SA?AVQIcon@@AEBVQString@@AEBVQColor@@1@Z)
qgsstatusbarcoordinateswidget.obj : error LNK2019: 无法解析的外部符号 "__declspec(dllimport) public: void __cdecl QgsMapCanvas::redrawAllLayers(void)" (__imp_?redrawAllLayers@QgsMapCanvas@@QEAAXXZ)，函数 "private: void __cdecl QgsStatusBarCoordinatesWidget::refreshMapCanvas(void)" (?refreshMapCanvas@QgsStatusBarCoordinatesWidget@@AEAAXXZ) 中引用了该符号
qgsstatusbarmagnifierwidget.obj : error LNK2001: 无法解析的外部符号 "protected: virtual void __cdecl QgsDoubleSpinBox::timerEvent(class QTimerEvent *)" (?timerEvent@QgsDoubleSpinBox@@MEAAXPEAVQTimerEvent@@@Z)
qgsstatusbarscalewidget.obj : error LNK2019: 无法解析的外部符号 "__declspec(dllimport) public: class QgsProjectViewSettings * __cdecl QgsProject::viewSettings(void)" (__imp_?viewSettings@QgsProject@@QEAAPEAVQgsProjectViewSettings@@XZ)，函数 "public: void __cdecl QgsStatusBarScaleWidget::updateScales(void)" (?updateScales@QgsStatusBarScaleWidget@@QEAAXXZ) 中引用了该符号
qgsstatusbarscalewidget.obj : error LNK2019: 无法解析的外部符号 "__declspec(dllimport) public: void __cdecl QgsMapCanvas::zoomScale(double,bool)" (__imp_?zoomScale@QgsMapCanvas@@QEAAXN_N@Z)，函数 "private: void __cdecl QgsStatusBarScaleWidget::userScale(void)const " (?userScale@QgsStatusBarScaleWidget@@AEBAXXZ) 中引用了该符号
qgsstatusbarscalewidget.obj : error LNK2019: 无法解析的外部符号 "__declspec(dllimport) public: class QVector<double> __cdecl QgsProjectViewSettings::mapScales(void)const " (__imp_?mapScales@QgsProjectViewSettings@@QEBA?AV?$QVector@N@@XZ)，函数 "public: void __cdecl QgsStatusBarScaleWidget::updateScales(void)" (?updateScales@QgsStatusBarScaleWidget@@QEAAXXZ) 中引用了该符号
qgsstatusbarscalewidget.obj : error LNK2019: 无法解析的外部符号 "__declspec(dllimport) public: bool __cdecl QgsProjectViewSettings::useProjectScales(void)const " (__imp_?useProjectScales@QgsProjectViewSettings@@QEBA_NXZ)，函数 "public: void __cdecl QgsStatusBarScaleWidget::updateScales(void)" (?updateScales@QgsStatusBarScaleWidget@@QEAAXXZ) 中引用了该符号
QtGis.obj : error LNK2019: 无法解析的外部符号 "__declspec(dllimport) public: void __cdecl QgsProject::setCrs(class QgsCoordinateReferenceSystem const &,bool)" (__imp_?setCrs@QgsProject@@QEAAXAEBVQgsCoordinateReferenceSystem@@_N@Z)，函数 "public: __cdecl QtGis::QtGis(class QWidget *)" (??0QtGis@@QEAA@PEAVQWidget@@@Z) 中引用了该符号
QtGis.obj : error LNK2019: 无法解析的外部符号 "__declspec(dllimport) public: void __cdecl QgsMapCanvas::setProject(class QgsProject *)" (__imp_?setProject@QgsMapCanvas@@QEAAXPEAVQgsProject@@@Z)，函数 "private: void __cdecl QtGis::createMapCanvas(void)" (?createMapCanvas@QtGis@@AEAAXXZ) 中引用了该符号
QtGis.obj : error LNK2019: 无法解析的外部符号 "__declspec(dllimport) public: void __cdecl QgsMapCanvas::setMagnificationFactor(double,class QgsPointXY const *)" (__imp_?setMagnificationFactor@QgsMapCanvas@@QEAAXNPEBVQgsPointXY@@@Z)，函数 "public: __cdecl <lambda_4dec836454180142cd3bb3ba4a5bc58c>::operator()(double)const " (??R<lambda_4dec836454180142cd3bb3ba4a5bc58c>@@QEBA@N@Z) 中引用了该符号
QtGis.obj : error LNK2019: 无法解析的外部符号 "__declspec(dllimport) public: void __cdecl QgsLayerTreeRegistryBridge::setLayerInsertionPoint(struct QgsLayerTreeRegistryBridge::InsertionPoint const &)" (__imp_?setLayerInsertionPoint@QgsLayerTreeRegistryBridge@@QEAAXAEBUInsertionPoint@1@@Z)，函数 "private: void __cdecl QtGis::updateNewLayerInsertionPoint(void)" (?updateNewLayerInsertionPoint@QtGis@@AEAAXXZ) 中引用了该符号
QtGis.obj : error LNK2019: 无法解析的外部符号 "__declspec(dllimport) public: static class QgsLayerTreeGroup * __cdecl QgsLayerTreeUtils::firstGroupWithoutCustomProperty(class QgsLayerTreeGroup *,class QString const &)" (__imp_?firstGroupWithoutCustomProperty@QgsLayerTreeUtils@@SAPEAVQgsLayerTreeGroup@@PEAV2@AEBVQString@@@Z)，函数 "private: void __cdecl QtGis::updateNewLayerInsertionPoint(void)" (?updateNewLayerInsertionPoint@QtGis@@AEAAXXZ) 中引用了该符号
QtGis.obj : error LNK2001: 无法解析的外部符号 "public: virtual class QgsExpressionContext __cdecl QgsMapCanvas::createExpressionContext(void)const " (?createExpressionContext@QgsMapCanvas@@UEBA?AVQgsExpressionContext@@XZ)
QtGis.obj : error LNK2001: 无法解析的外部符号 "protected: virtual void __cdecl QgsMapCanvas::dropEvent(class QDropEvent *)" (?dropEvent@QgsMapCanvas@@MEAAXPEAVQDropEvent@@@Z)
QtGis.obj : error LNK2001: 无法解析的外部符号 "protected: virtual void __cdecl QgsLayerTreeView::resizeEvent(class QResizeEvent *)" (?resizeEvent@QgsLayerTreeView@@MEAAXPEAVQResizeEvent@@@Z)
QtGis.obj : error LNK2001: 无法解析的外部符号 "protected: virtual void __cdecl QgsMapCanvas::showEvent(class QShowEvent *)" (?showEvent@QgsMapCanvas@@MEAAXPEAVQShowEvent@@@Z)
QtGis.obj : error LNK2001: 无法解析的外部符号 "protected: virtual bool __cdecl QgsMapCanvas::viewportEvent(class QEvent *)" (?viewportEvent@QgsMapCanvas@@MEAA_NPEAVQEvent@@@Z)
I:\hetao\niuma\QtLearnCollab\x64\Debug\QtGis.exe : fatal error LNK1120: 58 个无法解析的外部命令
